-------------------------------------------------------------------------------
Test set: com.smart.LearningProjectTodoApplicationTests
-------------------------------------------------------------------------------
Tests run: 1, Failures: 0, Errors: 1, Skipped: 0, Time elapsed: 0.404 s <<< FAILURE! - in com.smart.LearningProjectTodoApplicationTests
com.smart.LearningProjectTodoApplicationTests  Time elapsed: 0.4 s  <<< ERROR!
java.lang.IllegalStateException: Unable to find a @SpringBootConfiguration, you need to use @ContextConfiguration or @SpringBootTest(classes=...) with your test

